This is pdfTeX, Version 3.14159265-2.6-1.40.21 (TeX Live 2020) (preloaded format=pdflatex 2021.2.21)  26 MAR 2024 02:44
entering extended mode
 restricted \write18 enabled.
 file:line:error style messages enabled.
 %&-line parsing enabled.
**/Users/JohnnyLin/Library/CloudStorage/OneDrive-NationalUniversityofSingapore/Desktop/NUS/Y4S1DT/FYP-DT/FYP-report/FYP-report-draft1/FYP-report.tex
(/Users/JohnnyLin/Library/CloudStorage/OneDrive-NationalUniversityofSingapore/Desktop/NUS/Y4S1DT/FYP-DT/FYP-report/FYP-report-draft1/FYP-report.tex
LaTeX2e <2020-02-02> patch level 5
L3 programming layer <2020-03-06> (/usr/local/texlive/2020/texmf-dist/tex/latex/base/article.cls
Document Class: article 2019/12/20 v1.4l Standard LaTeX document class
(/usr/local/texlive/2020/texmf-dist/tex/latex/base/size10.clo
File: size10.clo 2019/12/20 v1.4l Standard LaTeX file (size option)
)
\c@part=\count167
\c@section=\count168
\c@subsection=\count169
\c@subsubsection=\count170
\c@paragraph=\count171
\c@subparagraph=\count172
\c@figure=\count173
\c@table=\count174
\abovecaptionskip=\skip47
\belowcaptionskip=\skip48
\bibindent=\dimen134
) (/usr/local/texlive/2020/texmf-dist/tex/latex/base/inputenc.sty
Package: inputenc 2018/08/11 v1.3c Input encoding file
\inpenc@prehook=\toks15
\inpenc@posthook=\toks16
) (/usr/local/texlive/2020/texmf-dist/tex/latex/base/fontenc.sty
Package: fontenc 2020/02/11 v2.0o Standard LaTeX package
) (/usr/local/texlive/2020/texmf-dist/tex/latex/lipsum/lipsum.sty (/usr/local/texlive/2020/texmf-dist/tex/latex/l3kernel/expl3.sty
Package: expl3 2020-03-06 L3 programming layer (loader) 
 (/usr/local/texlive/2020/texmf-dist/tex/latex/l3backend/l3backend-pdfmode.def
File: l3backend-pdfmode.def 2020-03-12 L3 backend support: PDF mode
\l__kernel_color_stack_int=\count175
\l__pdf_internal_box=\box45
)) (/usr/local/texlive/2020/texmf-dist/tex/latex/l3packages/xparse/xparse.sty
Package: xparse 2020-03-06 L3 Experimental document command parser
\l__xparse_current_arg_int=\count176
\g__xparse_grabber_int=\count177
\l__xparse_m_args_int=\count178
\l__xparse_v_nesting_int=\count179
)
Package: lipsum 2019/01/02 v2.2 150 paragraphs of Lorem Ipsum dummy text
 (/usr/local/texlive/2020/texmf-dist/tex/latex/lipsum/lipsum.ltd.tex
File: lipsum.ltd.tex 2019/01/02 v2.2 The Lorem ipsum dummy text
)) (/usr/local/texlive/2020/texmf-dist/tex/latex/physics/physics.sty
Package: physics 
 (/usr/local/texlive/2020/texmf-dist/tex/latex/amsmath/amsmath.sty
Package: amsmath 2020/01/20 v2.17e AMS math features
\@mathmargin=\skip49

For additional information on amsmath, use the `?' option.
(/usr/local/texlive/2020/texmf-dist/tex/latex/amsmath/amstext.sty
Package: amstext 2000/06/29 v2.01 AMS text
 (/usr/local/texlive/2020/texmf-dist/tex/latex/amsmath/amsgen.sty
File: amsgen.sty 1999/11/30 v2.0 generic functions
\@emptytoks=\toks17
\ex@=\dimen135
)) (/usr/local/texlive/2020/texmf-dist/tex/latex/amsmath/amsbsy.sty
Package: amsbsy 1999/11/29 v1.2d Bold Symbols
\pmbraise@=\dimen136
) (/usr/local/texlive/2020/texmf-dist/tex/latex/amsmath/amsopn.sty
Package: amsopn 2016/03/08 v2.02 operator names
)
\inf@bad=\count180
LaTeX Info: Redefining \frac on input line 227.
\uproot@=\count181
\leftroot@=\count182
LaTeX Info: Redefining \overline on input line 389.
\classnum@=\count183
\DOTSCASE@=\count184
LaTeX Info: Redefining \ldots on input line 486.
LaTeX Info: Redefining \dots on input line 489.
LaTeX Info: Redefining \cdots on input line 610.
\Mathstrutbox@=\box46
\strutbox@=\box47
\big@size=\dimen137
LaTeX Font Info:    Redeclaring font encoding OML on input line 733.
LaTeX Font Info:    Redeclaring font encoding OMS on input line 734.
\macc@depth=\count185
\c@MaxMatrixCols=\count186
\dotsspace@=\muskip16
\c@parentequation=\count187
\dspbrk@lvl=\count188
\tag@help=\toks18
\row@=\count189
\column@=\count190
\maxfields@=\count191
\andhelp@=\toks19
\eqnshift@=\dimen138
\alignsep@=\dimen139
\tagshift@=\dimen140
\tagwidth@=\dimen141
\totwidth@=\dimen142
\lineht@=\dimen143
\@envbody=\toks20
\multlinegap=\skip50
\multlinetaggap=\skip51
\mathdisplay@stack=\toks21
LaTeX Info: Redefining \[ on input line 2859.
LaTeX Info: Redefining \] on input line 2860.
)) (/usr/local/texlive/2020/texmf-dist/tex/latex/amsfonts/amssymb.sty
Package: amssymb 2013/01/14 v3.01 AMS font symbols
 (/usr/local/texlive/2020/texmf-dist/tex/latex/amsfonts/amsfonts.sty
Package: amsfonts 2013/01/14 v3.01 Basic AMSFonts support
\symAMSa=\mathgroup4
\symAMSb=\mathgroup5
LaTeX Font Info:    Redeclaring math symbol \hbar on input line 98.
LaTeX Font Info:    Overwriting math alphabet `\mathfrak' in version `bold'
(Font)                  U/euf/m/n --> U/euf/b/n on input line 106.
)) (/usr/local/texlive/2020/texmf-dist/tex/latex/geometry/geometry.sty
Package: geometry 2020/01/02 v5.9 Page Geometry
 (/usr/local/texlive/2020/texmf-dist/tex/latex/graphics/keyval.sty
Package: keyval 2014/10/28 v1.15 key=value parser (DPC)
\KV@toks@=\toks22
) (/usr/local/texlive/2020/texmf-dist/tex/generic/iftex/ifvtex.sty
Package: ifvtex 2019/10/25 v1.7 ifvtex legacy package. Use iftex instead.
 (/usr/local/texlive/2020/texmf-dist/tex/generic/iftex/iftex.sty
Package: iftex 2020/03/06 v1.0d TeX engine tests
))
\Gm@cnth=\count192
\Gm@cntv=\count193
\c@Gm@tempcnt=\count194
\Gm@bindingoffset=\dimen144
\Gm@wd@mp=\dimen145
\Gm@odd@mp=\dimen146
\Gm@even@mp=\dimen147
\Gm@layoutwidth=\dimen148
\Gm@layoutheight=\dimen149
\Gm@layouthoffset=\dimen150
\Gm@layoutvoffset=\dimen151
\Gm@dimlist=\toks23
) (/usr/local/texlive/2020/texmf-dist/tex/latex/was/gensymb.sty
Package: gensymb 2003/07/02 v1.0 (WaS)
) (/usr/local/texlive/2020/texmf-dist/tex/latex/diagbox/diagbox.sty
Package: diagbox 2020/02/09 v2.3 Making table heads with diagonal lines
 (/usr/local/texlive/2020/texmf-dist/tex/latex/pict2e/pict2e.sty
Package: pict2e 2019/08/20 v0.3c Improved picture commands (HjG,RN,JT)
 (/usr/local/texlive/2020/texmf-dist/tex/latex/pict2e/pict2e.cfg
File: pict2e.cfg 2016/02/05 v0.1u pict2e configuration for teTeX/TeXLive
)
Package pict2e Info: Driver file: pdftex.def on input line 119.
 (/usr/local/texlive/2020/texmf-dist/tex/latex/graphics-def/pdftex.def
File: pdftex.def 2018/01/08 v1.0l Graphics/color driver for pdftex
)
Package pict2e Info: Driver file for pict2e: p2e-pdftex.def on input line 121.
 (/usr/local/texlive/2020/texmf-dist/tex/latex/pict2e/p2e-pdftex.def
File: p2e-pdftex.def 2016/02/05 v0.1u Driver-dependant file (RN,HjG,JT)
) (/usr/local/texlive/2020/texmf-dist/tex/latex/graphics/trig.sty
Package: trig 2016/01/03 v1.10 sin cos tan (DPC)
)
\pIIe@GRAPH=\toks24
\@arclen=\dimen152
\@arcrad=\dimen153
\@tempdimd=\dimen154
) (/usr/local/texlive/2020/texmf-dist/tex/latex/tools/calc.sty
Package: calc 2017/05/25 v4.3 Infix arithmetic (KKT,FJ)
\calc@Acount=\count195
\calc@Bcount=\count196
\calc@Adimen=\dimen155
\calc@Bdimen=\dimen156
\calc@Askip=\skip52
\calc@Bskip=\skip53
LaTeX Info: Redefining \setlength on input line 80.
LaTeX Info: Redefining \addtolength on input line 81.
\calc@Ccount=\count197
\calc@Cskip=\skip54
) (/usr/local/texlive/2020/texmf-dist/tex/latex/tools/array.sty
Package: array 2019/08/31 v2.4l Tabular extension package (FMi)
\col@sep=\dimen157
\ar@mcellbox=\box48
\extrarowheight=\dimen158
\NC@list=\toks25
\extratabsurround=\skip55
\backup@length=\skip56
\ar@cellbox=\box49
)
\diagbox@boxa=\box50
\diagbox@boxb=\box51
\diagbox@boxm=\box52
\diagbox@wd=\dimen159
\diagbox@ht=\dimen160
\diagbox@insepl=\dimen161
\diagbox@insepr=\dimen162
\diagbox@outsepl=\dimen163
\diagbox@outsepr=\dimen164
) (/usr/local/texlive/2020/texmf-dist/tex/latex/hyperref/hyperref.sty
Package: hyperref 2020/01/14 v7.00d Hypertext links for LaTeX
 (/usr/local/texlive/2020/texmf-dist/tex/generic/ltxcmds/ltxcmds.sty
Package: ltxcmds 2019/12/15 v1.24 LaTeX kernel commands for general use (HO)
) (/usr/local/texlive/2020/texmf-dist/tex/latex/pdftexcmds/pdftexcmds.sty
Package: pdftexcmds 2019/11/24 v0.31 Utility functions of pdfTeX for LuaTeX (HO)
 (/usr/local/texlive/2020/texmf-dist/tex/generic/infwarerr/infwarerr.sty
Package: infwarerr 2019/12/03 v1.5 Providing info/warning/error messages (HO)
)
Package pdftexcmds Info: \pdf@primitive is available.
Package pdftexcmds Info: \pdf@ifprimitive is available.
Package pdftexcmds Info: \pdfdraftmode found.
) (/usr/local/texlive/2020/texmf-dist/tex/generic/kvsetkeys/kvsetkeys.sty
Package: kvsetkeys 2019/12/15 v1.18 Key value parser (HO)
) (/usr/local/texlive/2020/texmf-dist/tex/generic/kvdefinekeys/kvdefinekeys.sty
Package: kvdefinekeys 2019-12-19 v1.6 Define keys (HO)
) (/usr/local/texlive/2020/texmf-dist/tex/generic/pdfescape/pdfescape.sty
Package: pdfescape 2019/12/09 v1.15 Implements pdfTeX's escape features (HO)
) (/usr/local/texlive/2020/texmf-dist/tex/latex/hycolor/hycolor.sty
Package: hycolor 2020-01-27 v1.10 Color options for hyperref/bookmark (HO)
) (/usr/local/texlive/2020/texmf-dist/tex/latex/letltxmacro/letltxmacro.sty
Package: letltxmacro 2019/12/03 v1.6 Let assignment for LaTeX macros (HO)
) (/usr/local/texlive/2020/texmf-dist/tex/latex/auxhook/auxhook.sty
Package: auxhook 2019-12-17 v1.6 Hooks for auxiliary files (HO)
) (/usr/local/texlive/2020/texmf-dist/tex/latex/kvoptions/kvoptions.sty
Package: kvoptions 2019/11/29 v3.13 Key value format for package options (HO)
)
\@linkdim=\dimen165
\Hy@linkcounter=\count198
\Hy@pagecounter=\count199
 (/usr/local/texlive/2020/texmf-dist/tex/latex/hyperref/pd1enc.def
File: pd1enc.def 2020/01/14 v7.00d Hyperref: PDFDocEncoding definition (HO)
Now handling font encoding PD1 ...
... no UTF-8 mapping file for font encoding PD1
) (/usr/local/texlive/2020/texmf-dist/tex/generic/intcalc/intcalc.sty
Package: intcalc 2019/12/15 v1.3 Expandable calculations with integers (HO)
) (/usr/local/texlive/2020/texmf-dist/tex/generic/etexcmds/etexcmds.sty
Package: etexcmds 2019/12/15 v1.7 Avoid name clashes with e-TeX commands (HO)
)
\Hy@SavedSpaceFactor=\count266
Package hyperref Info: Hyper figures OFF on input line 4547.
Package hyperref Info: Link nesting OFF on input line 4552.
Package hyperref Info: Hyper index ON on input line 4555.
Package hyperref Info: Plain pages OFF on input line 4562.
Package hyperref Info: Backreferencing OFF on input line 4567.
Package hyperref Info: Implicit mode ON; LaTeX internals redefined.
Package hyperref Info: Bookmarks ON on input line 4800.
\c@Hy@tempcnt=\count267
 (/usr/local/texlive/2020/texmf-dist/tex/latex/url/url.sty
\Urlmuskip=\muskip17
Package: url 2013/09/16  ver 3.4  Verb mode for urls, etc.
)
LaTeX Info: Redefining \url on input line 5159.
\XeTeXLinkMargin=\dimen166
 (/usr/local/texlive/2020/texmf-dist/tex/generic/bitset/bitset.sty
Package: bitset 2019/12/09 v1.3 Handle bit-vector datatype (HO)
 (/usr/local/texlive/2020/texmf-dist/tex/generic/bigintcalc/bigintcalc.sty
Package: bigintcalc 2019/12/15 v1.5 Expandable calculations on big integers (HO)
))
\Fld@menulength=\count268
\Field@Width=\dimen167
\Fld@charsize=\dimen168
Package hyperref Info: Hyper figures OFF on input line 6430.
Package hyperref Info: Link nesting OFF on input line 6435.
Package hyperref Info: Hyper index ON on input line 6438.
Package hyperref Info: backreferencing OFF on input line 6445.
Package hyperref Info: Link coloring OFF on input line 6450.
Package hyperref Info: Link coloring with OCG OFF on input line 6455.
Package hyperref Info: PDF/A mode OFF on input line 6460.
LaTeX Info: Redefining \ref on input line 6500.
LaTeX Info: Redefining \pageref on input line 6504.
 (/usr/local/texlive/2020/texmf-dist/tex/generic/atbegshi/atbegshi.sty
Package: atbegshi 2019/12/05 v1.19 At begin shipout hook (HO)
)
\Hy@abspage=\count269
\c@Item=\count270
\c@Hfootnote=\count271
)
Package hyperref Info: Driver (autodetected): hpdftex.
 (/usr/local/texlive/2020/texmf-dist/tex/latex/hyperref/hpdftex.def
File: hpdftex.def 2020/01/14 v7.00d Hyperref driver for pdfTeX
 (/usr/local/texlive/2020/texmf-dist/tex/latex/atveryend/atveryend.sty
Package: atveryend 2019-12-11 v1.11 Hooks at the very end of document (HO)
Package atveryend Info: \enddocument detected (standard20110627).
)
\Fld@listcount=\count272
\c@bookmark@seq@number=\count273
 (/usr/local/texlive/2020/texmf-dist/tex/latex/rerunfilecheck/rerunfilecheck.sty
Package: rerunfilecheck 2019/12/05 v1.9 Rerun checks for auxiliary files (HO)
 (/usr/local/texlive/2020/texmf-dist/tex/generic/uniquecounter/uniquecounter.sty
Package: uniquecounter 2019/12/15 v1.4 Provide unlimited unique counter (HO)
)
Package uniquecounter Info: New unique counter `rerunfilecheck' on input line 286.
)
\Hy@SectionHShift=\skip57
) (/usr/local/texlive/2020/texmf-dist/tex/latex/xcolor/xcolor.sty
Package: xcolor 2016/05/11 v2.12 LaTeX color extensions (UK)
 (/usr/local/texlive/2020/texmf-dist/tex/latex/graphics-cfg/color.cfg
File: color.cfg 2016/01/02 v1.6 sample color configuration
)
Package xcolor Info: Driver file: pdftex.def on input line 225.
Package xcolor Info: Model `cmy' substituted by `cmy0' on input line 1348.
Package xcolor Info: Model `hsb' substituted by `rgb' on input line 1352.
Package xcolor Info: Model `RGB' extended on input line 1364.
Package xcolor Info: Model `HTML' substituted by `rgb' on input line 1366.
Package xcolor Info: Model `Hsb' substituted by `hsb' on input line 1367.
Package xcolor Info: Model `tHsb' substituted by `hsb' on input line 1368.
Package xcolor Info: Model `HSB' substituted by `hsb' on input line 1369.
Package xcolor Info: Model `Gray' substituted by `gray' on input line 1370.
Package xcolor Info: Model `wave' substituted by `hsb' on input line 1371.
) (/usr/local/texlive/2020/texmf-dist/tex/latex/graphics/graphicx.sty
Package: graphicx 2019/11/30 v1.2a Enhanced LaTeX Graphics (DPC,SPQR)
 (/usr/local/texlive/2020/texmf-dist/tex/latex/graphics/graphics.sty
Package: graphics 2019/11/30 v1.4a Standard LaTeX Graphics (DPC,SPQR)
 (/usr/local/texlive/2020/texmf-dist/tex/latex/graphics-cfg/graphics.cfg
File: graphics.cfg 2016/06/04 v1.11 sample graphics configuration
)
Package graphics Info: Driver file: pdftex.def on input line 105.
)
\Gin@req@height=\dimen169
\Gin@req@width=\dimen170
) (/usr/local/texlive/2020/texmf-dist/tex/latex/float/float.sty
Package: float 2001/11/08 v1.3d Float enhancements (AL)
\c@float@type=\count274
\float@exts=\toks26
\float@box=\box53
\@float@everytoks=\toks27
\@floatcapt=\box54
) (/usr/local/texlive/2020/texmf-dist/tex/latex/biblatex/biblatex.sty
Package: biblatex 2019/12/01 v3.14 programmable bibliographies (PK/MW)
 (/usr/local/texlive/2020/texmf-dist/tex/latex/etoolbox/etoolbox.sty
Package: etoolbox 2019/09/21 v2.5h e-TeX tools for LaTeX (JAW)
\etb@tempcnta=\count275
) (/usr/local/texlive/2020/texmf-dist/tex/latex/logreq/logreq.sty
Package: logreq 2010/08/04 v1.0 xml request logger
\lrq@indent=\count276
 (/usr/local/texlive/2020/texmf-dist/tex/latex/logreq/logreq.def
File: logreq.def 2010/08/04 v1.0 logreq spec v1.0
)) (/usr/local/texlive/2020/texmf-dist/tex/latex/base/ifthen.sty
Package: ifthen 2014/09/29 v1.1c Standard LaTeX ifthen package (DPC)
)
\c@tabx@nest=\count277
\c@listtotal=\count278
\c@listcount=\count279
\c@liststart=\count280
\c@liststop=\count281
\c@citecount=\count282
\c@citetotal=\count283
\c@multicitecount=\count284
\c@multicitetotal=\count285
\c@instcount=\count286
\c@maxnames=\count287
\c@minnames=\count288
\c@maxitems=\count289
\c@minitems=\count290
\c@citecounter=\count291
\c@maxcitecounter=\count292
\c@savedcitecounter=\count293
\c@uniquelist=\count294
\c@uniquename=\count295
\c@refsection=\count296
\c@refsegment=\count297
\c@maxextratitle=\count298
\c@maxextratitleyear=\count299
\c@maxextraname=\count300
\c@maxextradate=\count301
\c@maxextraalpha=\count302
\c@abbrvpenalty=\count303
\c@highnamepenalty=\count304
\c@lownamepenalty=\count305
\c@maxparens=\count306
\c@parenlevel=\count307
\blx@tempcnta=\count308
\blx@tempcntb=\count309
\blx@tempcntc=\count310
\blx@maxsection=\count311
\blx@maxsegment@0=\count312
\blx@notetype=\count313
\blx@parenlevel@text=\count314
\blx@parenlevel@foot=\count315
\blx@sectionciteorder@0=\count316
\blx@entrysetcounter=\count317
\labelnumberwidth=\skip58
\labelalphawidth=\skip59
\biblabelsep=\skip60
\bibitemsep=\skip61
\bibnamesep=\skip62
\bibinitsep=\skip63
\bibparsep=\skip64
\bibhang=\skip65
\blx@bcfin=\read2
\blx@bcfout=\write3
\blx@langwohyphens=\language86
\c@mincomprange=\count318
\c@maxcomprange=\count319
\c@mincompwidth=\count320
Package biblatex Info: Trying to load biblatex default data model...
Package biblatex Info: ... file 'blx-dm.def' found.
 (/usr/local/texlive/2020/texmf-dist/tex/latex/biblatex/blx-dm.def
File: blx-dm.def 2019/12/01 v3.14 biblatex localization (PK/MW)
)
Package biblatex Info: Trying to load biblatex custom data model...
Package biblatex Info: ... file 'biblatex-dm.cfg' not found.
\c@afterword=\count321
\c@savedafterword=\count322
\c@annotator=\count323
\c@savedannotator=\count324
\c@author=\count325
\c@savedauthor=\count326
\c@bookauthor=\count327
\c@savedbookauthor=\count328
\c@commentator=\count329
\c@savedcommentator=\count330
\c@editor=\count331
\c@savededitor=\count332
\c@editora=\count333
\c@savededitora=\count334
\c@editorb=\count335
\c@savededitorb=\count336
\c@editorc=\count337
\c@savededitorc=\count338
\c@foreword=\count339
\c@savedforeword=\count340
\c@holder=\count341
\c@savedholder=\count342
\c@introduction=\count343
\c@savedintroduction=\count344
\c@namea=\count345
\c@savednamea=\count346
\c@nameb=\count347
\c@savednameb=\count348
\c@namec=\count349
\c@savednamec=\count350
\c@translator=\count351
\c@savedtranslator=\count352
\c@shortauthor=\count353
\c@savedshortauthor=\count354
\c@shorteditor=\count355
\c@savedshorteditor=\count356
\c@labelname=\count357
\c@savedlabelname=\count358
\c@institution=\count359
\c@savedinstitution=\count360
\c@lista=\count361
\c@savedlista=\count362
\c@listb=\count363
\c@savedlistb=\count364
\c@listc=\count365
\c@savedlistc=\count366
\c@listd=\count367
\c@savedlistd=\count368
\c@liste=\count369
\c@savedliste=\count370
\c@listf=\count371
\c@savedlistf=\count372
\c@location=\count373
\c@savedlocation=\count374
\c@organization=\count375
\c@savedorganization=\count376
\c@origlocation=\count377
\c@savedoriglocation=\count378
\c@origpublisher=\count379
\c@savedorigpublisher=\count380
\c@publisher=\count381
\c@savedpublisher=\count382
\c@language=\count383
\c@savedlanguage=\count384
\c@origlanguage=\count385
\c@savedoriglanguage=\count386
\c@pageref=\count387
\c@savedpageref=\count388
\shorthandwidth=\skip66
\shortjournalwidth=\skip67
\shortserieswidth=\skip68
\shorttitlewidth=\skip69
\shortauthorwidth=\skip70
\shorteditorwidth=\skip71
\locallabelnumberwidth=\skip72
\locallabelalphawidth=\skip73
\localshorthandwidth=\skip74
\localshortjournalwidth=\skip75
\localshortserieswidth=\skip76
\localshorttitlewidth=\skip77
\localshortauthorwidth=\skip78
\localshorteditorwidth=\skip79
Package biblatex Info: Trying to load compatibility code...
Package biblatex Info: ... file 'blx-compat.def' found.
 (/usr/local/texlive/2020/texmf-dist/tex/latex/biblatex/blx-compat.def
File: blx-compat.def 2019/12/01 v3.14 biblatex compatibility (PK/MW)
)
Package biblatex Info: Trying to load generic definitions...
Package biblatex Info: ... file 'biblatex.def' found.
 (/usr/local/texlive/2020/texmf-dist/tex/latex/biblatex/biblatex.def
File: biblatex.def 2019/12/01 v3.14 biblatex compatibility (PK/MW)
\c@textcitecount=\count389
\c@textcitetotal=\count390
\c@textcitemaxnames=\count391
\c@biburlbigbreakpenalty=\count392
\c@biburlbreakpenalty=\count393
\c@biburlnumpenalty=\count394
\c@biburlucpenalty=\count395
\c@biburllcpenalty=\count396
\biburlbigskip=\muskip18
\biburlnumskip=\muskip19
\biburlucskip=\muskip20
\biburllcskip=\muskip21
\c@smartand=\count397
)
Package biblatex Info: Trying to load bibliography style 'numeric'...
Package biblatex Info: ... file 'numeric.bbx' found.
 (/usr/local/texlive/2020/texmf-dist/tex/latex/biblatex/bbx/numeric.bbx
File: numeric.bbx 2019/12/01 v3.14 biblatex bibliography style (PK/MW)
Package biblatex Info: Trying to load bibliography style 'standard'...
Package biblatex Info: ... file 'standard.bbx' found.
 (/usr/local/texlive/2020/texmf-dist/tex/latex/biblatex/bbx/standard.bbx
File: standard.bbx 2019/12/01 v3.14 biblatex bibliography style (PK/MW)
\c@bbx:relatedcount=\count398
\c@bbx:relatedtotal=\count399
))
Package biblatex Info: Trying to load citation style 'numeric'...
Package biblatex Info: ... file 'numeric.cbx' found.
 (/usr/local/texlive/2020/texmf-dist/tex/latex/biblatex/cbx/numeric.cbx
File: numeric.cbx 2019/12/01 v3.14 biblatex citation style (PK/MW)
Package biblatex Info: Redefining '\cite'.
Package biblatex Info: Redefining '\parencite'.
Package biblatex Info: Redefining '\footcite'.
Package biblatex Info: Redefining '\footcitetext'.
Package biblatex Info: Redefining '\smartcite'.
Package biblatex Info: Redefining '\supercite'.
Package biblatex Info: Redefining '\textcite'.
Package biblatex Info: Redefining '\textcites'.
Package biblatex Info: Redefining '\cites'.
Package biblatex Info: Redefining '\parencites'.
Package biblatex Info: Redefining '\smartcites'.
)
Package biblatex Info: Trying to load configuration file...
Package biblatex Info: ... file 'biblatex.cfg' found.
 (/usr/local/texlive/2020/texmf-dist/tex/latex/biblatex/biblatex.cfg
File: biblatex.cfg 
)) (/usr/local/texlive/2020/texmf-dist/tex/latex/setspace/setspace.sty
Package: setspace 2011/12/19 v6.7a set line spacing
)
\@quotelevel=\count400
\@quotereset=\count401
 (/Users/JohnnyLin/Library/CloudStorage/OneDrive-NationalUniversityofSingapore/Desktop/NUS/Y4S1DT/FYP-DT/FYP-report/FYP-report-draft1/FYP-report.aux)
\openout1 = `FYP-report.aux'.

LaTeX Font Info:    Checking defaults for OML/cmm/m/it on input line 30.
LaTeX Font Info:    ... okay on input line 30.
LaTeX Font Info:    Checking defaults for OMS/cmsy/m/n on input line 30.
LaTeX Font Info:    ... okay on input line 30.
LaTeX Font Info:    Checking defaults for OT1/cmr/m/n on input line 30.
LaTeX Font Info:    ... okay on input line 30.
LaTeX Font Info:    Checking defaults for T1/cmr/m/n on input line 30.
LaTeX Font Info:    ... okay on input line 30.
LaTeX Font Info:    Checking defaults for TS1/cmr/m/n on input line 30.
LaTeX Font Info:    ... okay on input line 30.
LaTeX Font Info:    Checking defaults for OMX/cmex/m/n on input line 30.
LaTeX Font Info:    ... okay on input line 30.
LaTeX Font Info:    Checking defaults for U/cmr/m/n on input line 30.
LaTeX Font Info:    ... okay on input line 30.
LaTeX Font Info:    Checking defaults for PD1/pdf/m/n on input line 30.
LaTeX Font Info:    ... okay on input line 30.

*geometry* driver: auto-detecting
*geometry* detected driver: pdftex
*geometry* verbose mode - [ preamble ] result:
* driver: pdftex
* paper: <default>
* layout: <same size as paper>
* layoutoffset:(h,v)=(0.0pt,0.0pt)
* modes: 
* h-part:(L,W,R)=(56.9055pt, 500.484pt, 56.9055pt)
* v-part:(T,H,B)=(56.9055pt, 681.15898pt, 56.9055pt)
* \paperwidth=614.295pt
* \paperheight=794.96999pt
* \textwidth=500.484pt
* \textheight=681.15898pt
* \oddsidemargin=-15.36449pt
* \evensidemargin=-15.36449pt
* \topmargin=-52.36449pt
* \headheight=12.0pt
* \headsep=25.0pt
* \topskip=10.0pt
* \footskip=30.0pt
* \marginparwidth=65.0pt
* \marginparsep=11.0pt
* \columnsep=10.0pt
* \skip\footins=9.0pt plus 4.0pt minus 2.0pt
* \hoffset=0.0pt
* \voffset=0.0pt
* \mag=1000
* \@twocolumnfalse
* \@twosidefalse
* \@mparswitchfalse
* \@reversemarginfalse
* (1in=72.27pt=25.4mm, 1cm=28.453pt)

LaTeX Info: Redefining \celsius on input line 30.
Package gensymb Info: Faking symbols for \degree and \celsius on input line 30.

Package gensymb Warning: Not defining \perthousand.

LaTeX Info: Redefining \ohm on input line 30.
Package gensymb Info: Using \Omega for \ohm on input line 30.

Package gensymb Warning: Not defining \micro.

(/usr/local/texlive/2020/texmf-dist/tex/context/base/mkii/supp-pdf.mkii
[Loading MPS to PDF converter (version 2006.09.02).]
\scratchcounter=\count402
\scratchdimen=\dimen171
\scratchbox=\box55
\nofMPsegments=\count403
\nofMParguments=\count404
\everyMPshowfont=\toks28
\MPscratchCnt=\count405
\MPscratchDim=\dimen172
\MPnumerator=\count406
\makeMPintoPDFobject=\count407
\everyMPtoPDFconversion=\toks29
) (/usr/local/texlive/2020/texmf-dist/tex/latex/epstopdf-pkg/epstopdf-base.sty
Package: epstopdf-base 2020-01-24 v2.11 Base part for package epstopdf
Package epstopdf-base Info: Redefining graphics rule for `.eps' on input line 485.
 (/usr/local/texlive/2020/texmf-dist/tex/latex/latexconfig/epstopdf-sys.cfg
File: epstopdf-sys.cfg 2010/07/13 v1.3 Configuration of (r)epstopdf for TeX Live
))
\AtBeginShipoutBox=\box56
Package hyperref Info: Link coloring OFF on input line 30.
 (/usr/local/texlive/2020/texmf-dist/tex/latex/hyperref/nameref.sty
Package: nameref 2019/09/16 v2.46 Cross-referencing by name of section
 (/usr/local/texlive/2020/texmf-dist/tex/latex/refcount/refcount.sty
Package: refcount 2019/12/15 v3.6 Data extraction from label references (HO)
) (/usr/local/texlive/2020/texmf-dist/tex/generic/gettitlestring/gettitlestring.sty
Package: gettitlestring 2019/12/15 v1.6 Cleanup title references (HO)
)
\c@section@level=\count408
)
LaTeX Info: Redefining \ref on input line 30.
LaTeX Info: Redefining \pageref on input line 30.
LaTeX Info: Redefining \nameref on input line 30.
\@outlinefile=\write4
\openout4 = `FYP-report.out'.

Package biblatex Info: Trying to load language 'english'...
Package biblatex Info: ... file 'english.lbx' found.
 (/usr/local/texlive/2020/texmf-dist/tex/latex/biblatex/lbx/english.lbx
File: english.lbx 2019/12/01 v3.14 biblatex localization (PK/MW)
)
Package biblatex Info: Input encoding 'utf8' detected.
Package biblatex Info: Automatic encoding selection.
(biblatex)             Assuming data encoding 'utf8'.
\openout3 = `FYP-report.bcf'.

Package biblatex Info: Trying to load bibliographic data...
Package biblatex Info: ... file 'FYP-report.bbl' found.
 (/Users/JohnnyLin/Library/CloudStorage/OneDrive-NationalUniversityofSingapore/Desktop/NUS/Y4S1DT/FYP-DT/FYP-report/FYP-report-draft1/FYP-report.bbl)
Package biblatex Info: Reference section=0 on input line 30.
Package biblatex Info: Reference segment=0 on input line 30.
LaTeX Font Info:    Trying to load font information for U+msa on input line 34.
 (/usr/local/texlive/2020/texmf-dist/tex/latex/amsfonts/umsa.fd
File: umsa.fd 2013/01/14 v3.01 AMS symbols A
)
LaTeX Font Info:    Trying to load font information for U+msb on input line 34.
 (/usr/local/texlive/2020/texmf-dist/tex/latex/amsfonts/umsb.fd
File: umsb.fd 2013/01/14 v3.01 AMS symbols B
)
\tf@toc=\write5
\openout5 = `FYP-report.toc'.

 [1

{/usr/local/texlive/2020/texmf-var/fonts/map/pdftex/updmap/pdftex.map}]

LaTeX Warning: Citation 'blais2004' on page 2 undefined on input line 87.


LaTeX Warning: Citation 'houck2008' on page 2 undefined on input line 87.


LaTeX Warning: Citation 'girvin2014' on page 2 undefined on input line 89.


LaTeX Warning: Citation 'ofek2016' on page 2 undefined on input line 89.


LaTeX Warning: Citation 'petersson2012' on page 2 undefined on input line 91.


LaTeX Warning: Citation 'mi2018' on page 2 undefined on input line 91.


LaTeX Warning: Citation 'khaneja2005' on page 2 undefined on input line 93.


LaTeX Warning: Citation 'cai2011' on page 2 undefined on input line 93.

[2]
<flowchart.png, id=34, 594.22pt x 1138.2525pt>
File: flowchart.png Graphic file (type png)
<use flowchart.png>
Package pdftex.def Info: flowchart.png  used on input line 110.
(pdftex.def)             Requested size: 300.29344pt x 575.23851pt.
 [3]

LaTeX Warning: Citation 'glaser2015' on page 4 undefined on input line 116.


LaTeX Warning: Citation 'brif2010' on page 4 undefined on input line 116.

[4pdfTeX warning (ext4): destination with the same identifier (name{figure.1}) has been already used, duplicate ignored

\AtBegShi@Output ...ipout \box \AtBeginShipoutBox 
                                                  \fi \fi 
l.117 
       </Users/JohnnyLin/Library/CloudStorage/OneDrive-NationalUniversityofSingapore/Desktop/NUS/Y4S1DT/FYP-DT/FYP-report/FYP-report-draft1/flowchart.png>]

LaTeX Warning: Citation 'shapiro2012' on page 5 undefined on input line 119.


LaTeX Warning: Citation 'chow2010' on page 5 undefined on input line 119.


LaTeX Warning: Citation 'wiseman2009' on page 5 undefined on input line 119.


LaTeX Warning: Citation 'khaneja2005' on page 5 undefined on input line 122.


LaTeX Warning: Citation 'doria2011' on page 5 undefined on input line 122.


LaTeX Warning: Citation 'reich2012' on page 5 undefined on input line 122.


LaTeX Warning: Citation 'johansson2013' on page 5 undefined on input line 125.


LaTeX Warning: Citation 'goerz2019' on page 5 undefined on input line 125.

[5]

/Users/JohnnyLin/Library/CloudStorage/OneDrive-NationalUniversityofSingapore/Desktop/NUS/Y4S1DT/FYP-DT/FYP-report/FYP-report-draft1/FYP-report.tex:168: Package inputenc Error: Unicode character ≤ (U+2264)
(inputenc)                not set up for use with LaTeX.

See the inputenc package documentation for explanation.
Type  H <return>  for immediate help.
 ...                                              
                                                  
l.168 ... to be feasible, we need $\epsilon(t) ≤
                                                   \epsilon_{max}$ for all t...
You may provide a definition with
\DeclareUnicodeCharacter 

[6] [7]
Underfull \hbox (badness 10000) in paragraph at lines 260--261

 []

[8]
Underfull \hbox (badness 10000) in paragraph at lines 262--269

 []


Overfull \hbox (123.85486pt too wide) in paragraph at lines 277--279
[]\T1/cmr/m/n/10 There are now $\OML/cmm/m/it/10 N \OMS/cmsy/m/n/10 ^^B \OML/cmm/m/it/10 M$ \T1/cmr/m/n/10 vari-ables to min-i-mize the fig-ure of merit. The prob-lem be-comes a $[]$. 
 []


Underfull \hbox (badness 10000) in paragraph at lines 290--292

 []

[9]
Overfull \hbox (0.35211pt too wide) in paragraph at lines 334--337
\OMS/cmsy/m/n/10 !$ \T1/cmr/m/n/10 in-te-grate ex-per-i-men-tal con-straints such as max-i-mum fre-quen-cies al-lowed, max-i-mum am-pli-tude, smooth
 []

[10]

/Users/JohnnyLin/Library/CloudStorage/OneDrive-NationalUniversityofSingapore/Desktop/NUS/Y4S1DT/FYP-DT/FYP-report/FYP-report-draft1/FYP-report.tex:359: LaTeX Error: There's no line here to end.

See the LaTeX manual or LaTeX Companion for explanation.
Type  H <return>  for immediate help.
 ...                                              
                                                  
l.359 
      
Your command was ignored.
Type  I <command> <return>  to replace it with another command,
or  <return>  to continue without it.

/Users/JohnnyLin/Library/CloudStorage/OneDrive-NationalUniversityofSingapore/Desktop/NUS/Y4S1DT/FYP-DT/FYP-report/FYP-report-draft1/FYP-report.tex:361: Missing $ inserted.
<inserted text> 
                $
l.361 ...y. In qutip, the ctrlpulseoptim.optimize_
                                                  pulse_unitary function is ...
I've inserted a begin-math/end-math symbol since I think
you left one out. Proceed, with fingers crossed.

/Users/JohnnyLin/Library/CloudStorage/OneDrive-NationalUniversityofSingapore/Desktop/NUS/Y4S1DT/FYP-DT/FYP-report/FYP-report-draft1/FYP-report.tex:363: Missing $ inserted.
<inserted text> 
                $
l.363 
      
I've inserted a begin-math/end-math symbol since I think
you left one out. Proceed, with fingers crossed.


Overfull \hbox (282.5349pt too wide) in paragraph at lines 360--363
\T1/cmr/m/n/10 qutip, the ctrlpulseoptim.optimize$[]\OML/cmm/m/it/10 ulse[]nitaryfunctionisusedtooptimizepulseshapestominimizethefidelityerror; whichisequivalentmaximisingthefidelitytoanoptimalvalueof\OT1/cmr/m/n/10 1\OML/cmm/m/it/10 :$ 
 []


/Users/JohnnyLin/Library/CloudStorage/OneDrive-NationalUniversityofSingapore/Desktop/NUS/Y4S1DT/FYP-DT/FYP-report/FYP-report-draft1/FYP-report.tex:365: LaTeX Error: There's no line here to end.

See the LaTeX manual or LaTeX Companion for explanation.
Type  H <return>  for immediate help.
 ...                                              
                                                  
l.365 
      
Your command was ignored.
Type  I <command> <return>  to replace it with another command,
or  <return>  to continue without it.


/Users/JohnnyLin/Library/CloudStorage/OneDrive-NationalUniversityofSingapore/Desktop/NUS/Y4S1DT/FYP-DT/FYP-report/FYP-report-draft1/FYP-report.tex:373: LaTeX Error: There's no line here to end.

See the LaTeX manual or LaTeX Companion for explanation.
Type  H <return>  for immediate help.
 ...                                              
                                                  
l.373 
      
Your command was ignored.
Type  I <command> <return>  to replace it with another command,
or  <return>  to continue without it.

[11]

/Users/JohnnyLin/Library/CloudStorage/OneDrive-NationalUniversityofSingapore/Desktop/NUS/Y4S1DT/FYP-DT/FYP-report/FYP-report-draft1/FYP-report.tex:402: LaTeX Error: There's no line here to end.

See the LaTeX manual or LaTeX Companion for explanation.
Type  H <return>  for immediate help.
 ...                                              
                                                  
l.402 
      
Your command was ignored.
Type  I <command> <return>  to replace it with another command,
or  <return>  to continue without it.

/Users/JohnnyLin/Library/CloudStorage/OneDrive-NationalUniversityofSingapore/Desktop/NUS/Y4S1DT/FYP-DT/FYP-report/FYP-report-draft1/FYP-report.tex:405: Missing $ inserted.
<inserted text> 
                $
l.405 Let t = evo_
                  time = T
I've inserted a begin-math/end-math symbol since I think
you left one out. Proceed, with fingers crossed.


/Users/JohnnyLin/Library/CloudStorage/OneDrive-NationalUniversityofSingapore/Desktop/NUS/Y4S1DT/FYP-DT/FYP-report/FYP-report-draft1/FYP-report.tex:409: Package inputenc Error: Unicode character ψ (U+03C8)
(inputenc)                not set up for use with LaTeX.

See the inputenc package documentation for explanation.
Type  H <return>  for immediate help.
 ...                                              
                                                  
l.409 ...to the evolution from an initial state ψ
                                                  0 at t=0 to U(T)ψ0 at the...
You may provide a definition with
\DeclareUnicodeCharacter 


/Users/JohnnyLin/Library/CloudStorage/OneDrive-NationalUniversityofSingapore/Desktop/NUS/Y4S1DT/FYP-DT/FYP-report/FYP-report-draft1/FYP-report.tex:409: Package inputenc Error: Unicode character ψ (U+03C8)
(inputenc)                not set up for use with LaTeX.

See the inputenc package documentation for explanation.
Type  H <return>  for immediate help.
 ...                                              
                                                  
l.409 ...rom an initial state ψ0 at t=0 to U(T)ψ
                                                  0 at the t=evo_time. The n...
You may provide a definition with
\DeclareUnicodeCharacter 

/Users/JohnnyLin/Library/CloudStorage/OneDrive-NationalUniversityofSingapore/Desktop/NUS/Y4S1DT/FYP-DT/FYP-report/FYP-report-draft1/FYP-report.tex:410: Missing $ inserted.
<inserted text> 
                $
l.410 - set drift frequency $\omega
                                   _0$ to some number, at resonance $\omega ...
I've inserted a begin-math/end-math symbol since I think
you left one out. Proceed, with fingers crossed.


Overfull \hbox (382.02126pt too wide) in paragraph at lines 403--415
\OML/cmm/m/it/10 Definingthetimeevolutionparameters \OT1/cmr/m/n/10 : \OMS/cmsy/m/n/10 ^^@\OML/cmm/m/it/10 Tosolvetheevolutionthecontrolamplitudesareconsideredconstantwithinpiecewisetimeslots; hencetheevolutionduringthetimeslotcanbecalculatedusingU\OT1/cmr/m/n/10 (\OML/cmm/m/it/10 t[]\OT1/cmr/m/n/10 ) =
 []


Overfull \hbox (24.75977pt too wide) in paragraph at lines 403--415
\OML/cmm/m/it/10 expm\OT1/cmr/m/n/10 (\OMS/cmsy/m/n/10 ^^@\OML/cmm/m/it/10 iH\OT1/cmr/m/n/10 (\OML/cmm/m/it/10 t[]\OT1/cmr/m/n/10 )\OML/cmm/m/it/10 dt\OT1/cmr/m/n/10 )\OML/cmm/m/it/10 : \OMS/cmsy/m/n/10 ^^@ \OML/cmm/m/it/10 Combiningtheseforallthetimeslotsgivestheapproximationtotheevolutionfromaninitialstate\OT1/cmr/m/n/10 0\OML/cmm/m/it/10 att \OT1/cmr/m/n/10 =
 []


Overfull \hbox (220.02492pt too wide) in paragraph at lines 403--415
\OT1/cmr/m/n/10 0\OML/cmm/m/it/10 toU\OT1/cmr/m/n/10 (\OML/cmm/m/it/10 T\OT1/cmr/m/n/10 )0\OML/cmm/m/it/10 atthet \OT1/cmr/m/n/10 = \OML/cmm/m/it/10 evo[]ime:Thenumberoftimeslotsandevo[]imehavetobechosensuchthatthetimeslotdurations\OT1/cmr/m/n/10 (\OML/cmm/m/it/10 dt\OT1/cmr/m/n/10 )\OML/cmm/m/it/10 aresmallcomparedwiththedynamicsofthesystem: \OMS/cmsy/m/n/10 ^^@
 []


LaTeX Warning: Citation 'reinhold2019' on page 12 undefined on input line 437.


/Users/JohnnyLin/Library/CloudStorage/OneDrive-NationalUniversityofSingapore/Desktop/NUS/Y4S1DT/FYP-DT/FYP-report/FYP-report-draft1/FYP-report.tex:446: Package amsmath Error: Erroneous nesting of equation structures;
(amsmath)                trying to recover with `aligned'.

See the amsmath package documentation for explanation.
Type  H <return>  for immediate help.
 ...                                              
                                                  
l.446 \end{align}
                 
Try typing  <return>  to proceed.
If that doesn't work, type  X <return>  to quit.

[12]

/Users/JohnnyLin/Library/CloudStorage/OneDrive-NationalUniversityofSingapore/Desktop/NUS/Y4S1DT/FYP-DT/FYP-report/FYP-report-draft1/FYP-report.tex:477: Package amsmath Error: Erroneous nesting of equation structures;
(amsmath)                trying to recover with `aligned'.

See the amsmath package documentation for explanation.
Type  H <return>  for immediate help.
 ...                                              
                                                  
l.477 \end{align*}
                  
Try typing  <return>  to proceed.
If that doesn't work, type  X <return>  to quit.


/Users/JohnnyLin/Library/CloudStorage/OneDrive-NationalUniversityofSingapore/Desktop/NUS/Y4S1DT/FYP-DT/FYP-report/FYP-report-draft1/FYP-report.tex:485: Package amsmath Error: Erroneous nesting of equation structures;
(amsmath)                trying to recover with `aligned'.

See the amsmath package documentation for explanation.
Type  H <return>  for immediate help.
 ...                                              
                                                  
l.485 \end{align*}
                  
Try typing  <return>  to proceed.
If that doesn't work, type  X <return>  to quit.

[13]
<vac2coherent_N_convergence.png, id=150, 452.4102pt x 327.3831pt>
File: vac2coherent_N_convergence.png Graphic file (type png)
<use vac2coherent_N_convergence.png>
Package pdftex.def Info: vac2coherent_N_convergence.png  used on input line 508.
(pdftex.def)             Requested size: 300.29344pt x 217.30238pt.
<check_convergence_control1.png, id=151, 408.3255pt x 328.8285pt>
File: check_convergence_control1.png Graphic file (type png)
<use check_convergence_control1.png>
Package pdftex.def Info: check_convergence_control1.png  used on input line 515.
(pdftex.def)             Requested size: 300.29344pt x 241.83406pt.
<check_convergence_control2.png, id=152, 408.3255pt x 328.8285pt>
File: check_convergence_control2.png Graphic file (type png)
<use check_convergence_control2.png>
Package pdftex.def Info: check_convergence_control2.png  used on input line 522.
(pdftex.def)             Requested size: 300.29344pt x 241.83406pt.
 [14pdfTeX warning (ext4): destination with the same identifier (name{figure.2}) has been already used, duplicate ignored

\AtBegShi@Output ...ipout \box \AtBeginShipoutBox 
                                                  \fi \fi 
l.526 
      pdfTeX warning (ext4): destination with the same identifier (name{figure.3}) has been already used, duplicate ignored

\AtBegShi@Output ...ipout \box \AtBeginShipoutBox 
                                                  \fi \fi 
l.526 
       </Users/JohnnyLin/Library/CloudStorage/OneDrive-NationalUniversityofSingapore/Desktop/NUS/Y4S1DT/FYP-DT/FYP-report/FYP-report-draft1/vac2coherent_N_convergence.png> </Users/JohnnyLin/Library/CloudStorage/OneDrive-NationalUniversityofSingapore/Desktop/NUS/Y4S1DT/FYP-DT/FYP-report/FYP-report-draft1/check_convergence_control1.png>] [15pdfTeX warning (ext4): destination with the same identifier (name{figure.4}) has been already used, duplicate ignored

\AtBegShi@Output ...ipout \box \AtBeginShipoutBox 
                                                  \fi \fi 
l.559 \end{align*}
                   </Users/JohnnyLin/Library/CloudStorage/OneDrive-NationalUniversityofSingapore/Desktop/NUS/Y4S1DT/FYP-DT/FYP-report/FYP-report-draft1/check_convergence_control2.png>]
Underfull \hbox (badness 10000) in paragraph at lines 561--566

 []

<unselective_spin_flip_control1.png, id=171, 354.123pt x 137.313pt>
File: unselective_spin_flip_control1.png Graphic file (type png)
<use unselective_spin_flip_control1.png>
Package pdftex.def Info: unselective_spin_flip_control1.png  used on input line 579.
(pdftex.def)             Requested size: 300.29344pt x 116.4484pt.
<unselective_spin_flip_control2.png, id=172, 344.0052pt x 137.313pt>
File: unselective_spin_flip_control2.png Graphic file (type png)
<use unselective_spin_flip_control2.png>
Package pdftex.def Info: unselective_spin_flip_control2.png  used on input line 585.
(pdftex.def)             Requested size: 300.29344pt x 119.8657pt.
<unselective_spin_flip_control3.png, id=173, 345.4506pt x 137.313pt>
File: unselective_spin_flip_control3.png Graphic file (type png)
<use unselective_spin_flip_control3.png>
Package pdftex.def Info: unselective_spin_flip_control3.png  used on input line 591.
(pdftex.def)             Requested size: 300.29344pt x 119.36705pt.
[16pdfTeX warning (ext4): destination with the same identifier (name{figure.5}) has been already used, duplicate ignored

\AtBegShi@Output ...ipout \box \AtBeginShipoutBox 
                                                  \fi \fi 
l.594 \end{figure}
                   </Users/JohnnyLin/Library/CloudStorage/OneDrive-NationalUniversityofSingapore/Desktop/NUS/Y4S1DT/FYP-DT/FYP-report/FYP-report-draft1/unselective_spin_flip_control1.png>]
<unselective_spin_flip_simulation.png, id=180, 897.5934pt x 171.2799pt>
File: unselective_spin_flip_simulation.png Graphic file (type png)
<use unselective_spin_flip_simulation.png>
Package pdftex.def Info: unselective_spin_flip_simulation.png  used on input line 605.
(pdftex.def)             Requested size: 300.29344pt x 57.30397pt.


LaTeX Warning: Citation 'Krastanov2015' on page 17 undefined on input line 614.

[17pdfTeX warning (ext4): destination with the same identifier (name{figure.6}) has been already used, duplicate ignored

\AtBegShi@Output ...ipout \box \AtBeginShipoutBox 
                                                  \fi \fi 
l.619 \end{equation}
                    pdfTeX warning (ext4): destination with the same identifier (name{figure.7}) has been already used, duplicate ignored

\AtBegShi@Output ...ipout \box \AtBeginShipoutBox 
                                                  \fi \fi 
l.619 \end{equation}
                    pdfTeX warning (ext4): destination with the same identifier (name{figure.8}) has been already used, duplicate ignored

\AtBegShi@Output ...ipout \box \AtBeginShipoutBox 
                                                  \fi \fi 
l.619 \end{equation}
                     </Users/JohnnyLin/Library/CloudStorage/OneDrive-NationalUniversityofSingapore/Desktop/NUS/Y4S1DT/FYP-DT/FYP-report/FYP-report-draft1/unselective_spin_flip_control2.png> </Users/JohnnyLin/Library/CloudStorage/OneDrive-NationalUniversityofSingapore/Desktop/NUS/Y4S1DT/FYP-DT/FYP-report/FYP-report-draft1/unselective_spin_flip_control3.png> </Users/JohnnyLin/Library/CloudStorage/OneDrive-NationalUniversityofSingapore/Desktop/NUS/Y4S1DT/FYP-DT/FYP-report/FYP-report-draft1/unselective_spin_flip_simulation.png>]

/Users/JohnnyLin/Library/CloudStorage/OneDrive-NationalUniversityofSingapore/Desktop/NUS/Y4S1DT/FYP-DT/FYP-report/FYP-report-draft1/FYP-report.tex:640: LaTeX Error: There's no line here to end.

See the LaTeX manual or LaTeX Companion for explanation.
Type  H <return>  for immediate help.
 ...                                              
                                                  
l.640 
      
Your command was ignored.
Type  I <command> <return>  to replace it with another command,
or  <return>  to continue without it.


Underfull \hbox (badness 10000) in paragraph at lines 641--646

 []

<selective_spin_flip_GRAPE_control1.png, id=192, 1066.7052pt x 137.313pt>
File: selective_spin_flip_GRAPE_control1.png Graphic file (type png)
<use selective_spin_flip_GRAPE_control1.png>
Package pdftex.def Info: selective_spin_flip_GRAPE_control1.png  used on input line 659.
(pdftex.def)             Requested size: 300.29344pt x 38.6548pt.
File: selective_spin_flip_GRAPE_control1.png Graphic file (type png)
<use selective_spin_flip_GRAPE_control1.png>
Package pdftex.def Info: selective_spin_flip_GRAPE_control1.png  used on input line 665.
(pdftex.def)             Requested size: 300.29344pt x 38.6548pt.
File: selective_spin_flip_GRAPE_control1.png Graphic file (type png)
<use selective_spin_flip_GRAPE_control1.png>
Package pdftex.def Info: selective_spin_flip_GRAPE_control1.png  used on input line 671.
(pdftex.def)             Requested size: 300.29344pt x 38.6548pt.
[18pdfTeX warning (ext4): destination with the same identifier (name{figure.9}) has been already used, duplicate ignored

\AtBegShi@Output ...ipout \box \AtBeginShipoutBox 
                                                  \fi \fi 
l.675 
      pdfTeX warning (ext4): destination with the same identifier (name{figure.10}) has been already used, duplicate ignored

\AtBegShi@Output ...ipout \box \AtBeginShipoutBox 
                                                  \fi \fi 
l.675 
       </Users/JohnnyLin/Library/CloudStorage/OneDrive-NationalUniversityofSingapore/Desktop/NUS/Y4S1DT/FYP-DT/FYP-report/FYP-report-draft1/selective_spin_flip_GRAPE_control1.png>]

LaTeX Warning: Reference `fig:selective_spin_flip_control3_zoomin' on page 19 undefined on input line 677.


LaTeX Warning: File `selective_spin_flip_GRAPE_control1_zoomin.png' not found on input line 686.


/Users/JohnnyLin/Library/CloudStorage/OneDrive-NationalUniversityofSingapore/Desktop/NUS/Y4S1DT/FYP-DT/FYP-report/FYP-report-draft1/FYP-report.tex:686: Package pdftex.def Error: File `selective_spin_flip_GRAPE_control1_zoomin.png' not found: using draft setting.

See the pdftex.def package documentation for explanation.
Type  H <return>  for immediate help.
 ...                                              
                                                  
l.686 ...tive_spin_flip_GRAPE_control1_zoomin.png}
                                                  
Try typing  <return>  to proceed.
If that doesn't work, type  X <return>  to quit.

LaTeX Font Info:    Trying to load font information for T1+cmtt on input line 686.
(/usr/local/texlive/2020/texmf-dist/tex/latex/base/t1cmtt.fd
File: t1cmtt.fd 2019/12/16 v2.5j Standard LaTeX font definitions
) [19pdfTeX warning (ext4): destination with the same identifier (name{figure.11}) has been already used, duplicate ignored

\AtBegShi@Output ...ipout \box \AtBeginShipoutBox 
                                                  \fi \fi 
l.699 \end{itemize}
                   pdfTeX warning (ext4): destination with the same identifier (name{figure.12}) has been already used, duplicate ignored

\AtBegShi@Output ...ipout \box \AtBeginShipoutBox 
                                                  \fi \fi 
l.699 \end{itemize}
                   ]
<selective_spin_flip_GRAPE_simulation.png, id=209, 1178.001pt x 172.7253pt>
File: selective_spin_flip_GRAPE_simulation.png Graphic file (type png)
<use selective_spin_flip_GRAPE_simulation.png>
Package pdftex.def Info: selective_spin_flip_GRAPE_simulation.png  used on input line 702.
(pdftex.def)             Requested size: 300.29344pt x 44.02986pt.


/Users/JohnnyLin/Library/CloudStorage/OneDrive-NationalUniversityofSingapore/Desktop/NUS/Y4S1DT/FYP-DT/FYP-report/FYP-report-draft1/FYP-report.tex:718: LaTeX Error: There's no line here to end.

See the LaTeX manual or LaTeX Companion for explanation.
Type  H <return>  for immediate help.
 ...                                              
                                                  
l.718 
      
Your command was ignored.
Type  I <command> <return>  to replace it with another command,
or  <return>  to continue without it.


Underfull \hbox (badness 10000) in paragraph at lines 724--727

 []

<selective_spin_flip_GRAPE_500,_100_000_LIN_constraints_control1.png, id=210, 1070.3187pt x 137.313pt>
File: selective_spin_flip_GRAPE_500,_100_000_LIN_constraints_control1.png Graphic file (type png)
<use selective_spin_flip_GRAPE_500,_100_000_LIN_constraints_control1.png>
Package pdftex.def Info: selective_spin_flip_GRAPE_500,_100_000_LIN_constraints_control1.png  used on input line 731.
(pdftex.def)             Requested size: 300.29344pt x 38.52489pt.
<selective_spin_flip_GRAPE_500,_100_000_LIN_constraints_control2.png, id=211, 1070.3187pt x 137.313pt>
File: selective_spin_flip_GRAPE_500,_100_000_LIN_constraints_control2.png Graphic file (type png)
<use selective_spin_flip_GRAPE_500,_100_000_LIN_constraints_control2.png>
Package pdftex.def Info: selective_spin_flip_GRAPE_500,_100_000_LIN_constraints_control2.png  used on input line 737.
(pdftex.def)             Requested size: 300.29344pt x 38.52489pt.
<selective_spin_flip_GRAPE_500,_100_000_LIN_constraints_control3.png, id=212, 1070.3187pt x 137.313pt>
File: selective_spin_flip_GRAPE_500,_100_000_LIN_constraints_control3.png Graphic file (type png)
<use selective_spin_flip_GRAPE_500,_100_000_LIN_constraints_control3.png>
Package pdftex.def Info: selective_spin_flip_GRAPE_500,_100_000_LIN_constraints_control3.png  used on input line 743.
(pdftex.def)             Requested size: 300.29344pt x 38.52489pt.
[20pdfTeX warning (ext4): destination with the same identifier (name{figure.13}) has been already used, duplicate ignored

\AtBegShi@Output ...ipout \box \AtBeginShipoutBox 
                                                  \fi \fi 
l.754     \item q
                 ubit ptrace fidelity:  0.9992706948956261pdfTeX warning (ext4): destination with the same identifier (name{figure.14}) has been already used, duplicate ignored

\AtBegShi@Output ...ipout \box \AtBeginShipoutBox 
                                                  \fi \fi 
l.754     \item q
                 ubit ptrace fidelity:  0.9992706948956261pdfTeX warning (ext4): destination with the same identifier (name{figure.15}) has been already used, duplicate ignored

\AtBegShi@Output ...ipout \box \AtBeginShipoutBox 
                                                  \fi \fi 
l.754     \item q
                 ubit ptrace fidelity:  0.9992706948956261pdfTeX warning (ext4): destination with the same identifier (name{figure.16}) has been already used, duplicate ignored

\AtBegShi@Output ...ipout \box \AtBeginShipoutBox 
                                                  \fi \fi 
l.754     \item q
                 ubit ptrace fidelity:  0.9992706948956261 </Users/JohnnyLin/Library/CloudStorage/OneDrive-NationalUniversityofSingapore/Desktop/NUS/Y4S1DT/FYP-DT/FYP-report/FYP-report-draft1/selective_spin_flip_GRAPE_simulation.png> </Users/JohnnyLin/Library/CloudStorage/OneDrive-NationalUniversityofSingapore/Desktop/NUS/Y4S1DT/FYP-DT/FYP-report/FYP-report-draft1/selective_spin_flip_GRAPE_500,_100_000_LIN_constraints_control1.png> </Users/JohnnyLin/Library/CloudStorage/OneDrive-NationalUniversityofSingapore/Desktop/NUS/Y4S1DT/FYP-DT/FYP-report/FYP-report-draft1/selective_spin_flip_GRAPE_500,_100_000_LIN_constraints_control2.png> </Users/JohnnyLin/Library/CloudStorage/OneDrive-NationalUniversityofSingapore/Desktop/NUS/Y4S1DT/FYP-DT/FYP-report/FYP-report-draft1/selective_spin_flip_GRAPE_500,_100_000_LIN_constraints_control3.png>]
<selective_spin_flip_GRAPE_500,_100_000_LIN_constraints_simulation.png, id=225, 1178.001pt x 172.7253pt>
File: selective_spin_flip_GRAPE_500,_100_000_LIN_constraints_simulation.png Graphic file (type png)
<use selective_spin_flip_GRAPE_500,_100_000_LIN_constraints_simulation.png>
Package pdftex.def Info: selective_spin_flip_GRAPE_500,_100_000_LIN_constraints_simulation.png  used on input line 759.
(pdftex.def)             Requested size: 300.29344pt x 44.02986pt.

Underfull \hbox (badness 10000) in paragraph at lines 770--784

 []

[21pdfTeX warning (ext4): destination with the same identifier (name{figure.17}) has been already used, duplicate ignored

\AtBegShi@Output ...ipout \box \AtBeginShipoutBox 
                                                  \fi \fi 
l.792 \end{itemize}
                    </Users/JohnnyLin/Library/CloudStorage/OneDrive-NationalUniversityofSingapore/Desktop/NUS/Y4S1DT/FYP-DT/FYP-report/FYP-report-draft1/selective_spin_flip_GRAPE_500,_100_000_LIN_constraints_simulation.png>]
<vac2cat_effective_Hamiltonian_GRAPE_control1.png, id=233, 1066.7052pt x 137.313pt>
File: vac2cat_effective_Hamiltonian_GRAPE_control1.png Graphic file (type png)
<use vac2cat_effective_Hamiltonian_GRAPE_control1.png>
Package pdftex.def Info: vac2cat_effective_Hamiltonian_GRAPE_control1.png  used on input line 798.
(pdftex.def)             Requested size: 300.29344pt x 38.6548pt.
<vac2cat_effective_Hamiltonian_GRAPE_control2.png, id=234, 1066.7052pt x 137.313pt>
File: vac2cat_effective_Hamiltonian_GRAPE_control2.png Graphic file (type png)
<use vac2cat_effective_Hamiltonian_GRAPE_control2.png>
Package pdftex.def Info: vac2cat_effective_Hamiltonian_GRAPE_control2.png  used on input line 804.
(pdftex.def)             Requested size: 300.29344pt x 38.6548pt.
<vac2cat_effective_Hamiltonian_GRAPE_control3.png, id=235, 1066.7052pt x 137.313pt>
File: vac2cat_effective_Hamiltonian_GRAPE_control3.png Graphic file (type png)
<use vac2cat_effective_Hamiltonian_GRAPE_control3.png>
Package pdftex.def Info: vac2cat_effective_Hamiltonian_GRAPE_control3.png  used on input line 810.
(pdftex.def)             Requested size: 300.29344pt x 38.6548pt.
<vac2cat_effective_Hamiltonian_GRAPE_simulations.png, id=236, 1178.001pt x 172.7253pt>
File: vac2cat_effective_Hamiltonian_GRAPE_simulations.png Graphic file (type png)
<use vac2cat_effective_Hamiltonian_GRAPE_simulations.png>
Package pdftex.def Info: vac2cat_effective_Hamiltonian_GRAPE_simulations.png  used on input line 826.
(pdftex.def)             Requested size: 300.29344pt x 44.02986pt.
 [22pdfTeX warning (ext4): destination with the same identifier (name{figure.18}) has been already used, duplicate ignored

\AtBegShi@Output ...ipout \box \AtBeginShipoutBox 
                                                  \fi \fi 
l.840     \item K
                 rotov allows inbuilds better customizability than QuTip.pdfTeX warning (ext4): destination with the same identifier (name{figure.19}) has been already used, duplicate ignored

\AtBegShi@Output ...ipout \box \AtBeginShipoutBox 
                                                  \fi \fi 
l.840     \item K
                 rotov allows inbuilds better customizability than QuTip.pdfTeX warning (ext4): destination with the same identifier (name{figure.20}) has been already used, duplicate ignored

\AtBegShi@Output ...ipout \box \AtBeginShipoutBox 
                                                  \fi \fi 
l.840     \item K
                 rotov allows inbuilds better customizability than QuTip.pdfTeX warning (ext4): destination with the same identifier (name{figure.21}) has been already used, duplicate ignored

\AtBegShi@Output ...ipout \box \AtBeginShipoutBox 
                                                  \fi \fi 
l.840     \item K
                 rotov allows inbuilds better customizability than QuTip. </Users/JohnnyLin/Library/CloudStorage/OneDrive-NationalUniversityofSingapore/Desktop/NUS/Y4S1DT/FYP-DT/FYP-report/FYP-report-draft1/vac2cat_effective_Hamiltonian_GRAPE_control1.png> </Users/JohnnyLin/Library/CloudStorage/OneDrive-NationalUniversityofSingapore/Desktop/NUS/Y4S1DT/FYP-DT/FYP-report/FYP-report-draft1/vac2cat_effective_Hamiltonian_GRAPE_control2.png> </Users/JohnnyLin/Library/CloudStorage/OneDrive-NationalUniversityofSingapore/Desktop/NUS/Y4S1DT/FYP-DT/FYP-report/FYP-report-draft1/vac2cat_effective_Hamiltonian_GRAPE_control3.png> </Users/JohnnyLin/Library/CloudStorage/OneDrive-NationalUniversityofSingapore/Desktop/NUS/Y4S1DT/FYP-DT/FYP-report/FYP-report-draft1/vac2cat_effective_Hamiltonian_GRAPE_simulations.png>]
File: selective_spin_flip_GRAPE_500,_100_000_LIN_constraints_control1.png Graphic file (type png)
<use selective_spin_flip_GRAPE_500,_100_000_LIN_constraints_control1.png>
Package pdftex.def Info: selective_spin_flip_GRAPE_500,_100_000_LIN_constraints_control1.png  used on input line 875.
(pdftex.def)             Requested size: 300.29344pt x 38.52489pt.
File: selective_spin_flip_GRAPE_500,_100_000_LIN_constraints_control2.png Graphic file (type png)
<use selective_spin_flip_GRAPE_500,_100_000_LIN_constraints_control2.png>
Package pdftex.def Info: selective_spin_flip_GRAPE_500,_100_000_LIN_constraints_control2.png  used on input line 881.
(pdftex.def)             Requested size: 300.29344pt x 38.52489pt.
File: selective_spin_flip_GRAPE_500,_100_000_LIN_constraints_control3.png Graphic file (type png)
<use selective_spin_flip_GRAPE_500,_100_000_LIN_constraints_control3.png>
Package pdftex.def Info: selective_spin_flip_GRAPE_500,_100_000_LIN_constraints_control3.png  used on input line 887.
(pdftex.def)             Requested size: 300.29344pt x 38.52489pt.
 [23pdfTeX warning (ext4): destination with the same identifier (name{figure.22}) has been already used, duplicate ignored

\AtBegShi@Output ...ipout \box \AtBeginShipoutBox 
                                                  \fi \fi 
l.890 \end{figure}
                  ]
File: selective_spin_flip_GRAPE_500,_100_000_LIN_constraints_simulation.png Graphic file (type png)
<use selective_spin_flip_GRAPE_500,_100_000_LIN_constraints_simulation.png>
Package pdftex.def Info: selective_spin_flip_GRAPE_500,_100_000_LIN_constraints_simulation.png  used on input line 903.
(pdftex.def)             Requested size: 300.29344pt x 44.02986pt.


LaTeX Warning: Empty bibliography on input line 933.

Package atveryend Info: Empty hook `BeforeClearDocument' on input line 934.
[24pdfTeX warning (ext4): destination with the same identifier (name{figure.23}) has been already used, duplicate ignored

\AtBegShi@Output ...ipout \box \AtBeginShipoutBox 
                                                  \fi \fi 
l.934 \end{document}
                    pdfTeX warning (ext4): destination with the same identifier (name{figure.24}) has been already used, duplicate ignored

\AtBegShi@Output ...ipout \box \AtBeginShipoutBox 
                                                  \fi \fi 
l.934 \end{document}
                    pdfTeX warning (ext4): destination with the same identifier (name{figure.25}) has been already used, duplicate ignored

\AtBegShi@Output ...ipout \box \AtBeginShipoutBox 
                                                  \fi \fi 
l.934 \end{document}
                    ] [25]
Package atveryend Info: Empty hook `AfterLastShipout' on input line 934.
 (/Users/JohnnyLin/Library/CloudStorage/OneDrive-NationalUniversityofSingapore/Desktop/NUS/Y4S1DT/FYP-DT/FYP-report/FYP-report-draft1/FYP-report.aux)
Package atveryend Info: Executing hook `AtVeryEndDocument' on input line 934.
Package atveryend Info: Executing hook `AtEndAfterFileList' on input line 934.


Package rerunfilecheck Warning: File `FYP-report.out' has changed.
(rerunfilecheck)                Rerun to get outlines right
(rerunfilecheck)                or use package `bookmark'.

Package rerunfilecheck Info: Checksums for `FYP-report.out':
(rerunfilecheck)             Before: <no file>
(rerunfilecheck)             After:  05C6B0587C3145BE07F417B9E02CF9A8;1787.

LaTeX Warning: There were undefined references.


LaTeX Warning: Label(s) may have changed. Rerun to get cross-references right.


Package biblatex Warning: Please (re)run Biber on the file:
(biblatex)                FYP-report
(biblatex)                and rerun LaTeX afterwards.

Package logreq Info: Writing requests to 'FYP-report.run.xml'.
\openout1 = `FYP-report.run.xml'.

Package atveryend Info: Empty hook `AtVeryVeryEnd' on input line 934.
 ) 
Here is how much of TeX's memory you used:
 16335 strings out of 480608
 279958 string characters out of 5903630
 1029929 words of memory out of 5000000
 31819 multiletter control sequences out of 15000+600000
 549011 words of font info for 70 fonts, out of 8000000 for 9000
 1141 hyphenation exceptions out of 8191
 42i,19n,65p,1104b,1126s stack positions out of 5000i,500n,10000p,200000b,80000s
{/usr/local/texlive/2020/texmf-dist/fonts/enc/dvips/cm-super/cm-super-t1.enc}{/usr/local/texlive/2020/texmf-dist/fonts/enc/dvips/cm-super/cm-super-ts1.enc}</usr/local/texlive/2020/texmf-dist/fonts/type1/public/amsfonts/cm/cmex10.pfb></usr/local/texlive/2020/texmf-dist/fonts/type1/public/amsfonts/cm/cmmi10.pfb></usr/local/texlive/2020/texmf-dist/fonts/type1/public/amsfonts/cm/cmmi5.pfb></usr/local/texlive/2020/texmf-dist/fonts/type1/public/amsfonts/cm/cmmi7.pfb></usr/local/texlive/2020/texmf-dist/fonts/type1/public/amsfonts/cm/cmmib10.pfb></usr/local/texlive/2020/texmf-dist/fonts/type1/public/amsfonts/cm/cmr10.pfb></usr/local/texlive/2020/texmf-dist/fonts/type1/public/amsfonts/cm/cmr5.pfb></usr/local/texlive/2020/texmf-dist/fonts/type1/public/amsfonts/cm/cmr7.pfb></usr/local/texlive/2020/texmf-dist/fonts/type1/public/amsfonts/cm/cmsy10.pfb></usr/local/texlive/2020/texmf-dist/fonts/type1/public/amsfonts/cm/cmsy7.pfb></usr/local/texlive/2020/texmf-dist/fonts/type1/public/amsfonts/symbols/msbm10.pfb></usr/local/texlive/2020/texmf-dist/fonts/type1/public/cm-super/sfbx1000.pfb></usr/local/texlive/2020/texmf-dist/fonts/type1/public/cm-super/sfbx1200.pfb></usr/local/texlive/2020/texmf-dist/fonts/type1/public/cm-super/sfbx1440.pfb></usr/local/texlive/2020/texmf-dist/fonts/type1/public/cm-super/sfrm0700.pfb></usr/local/texlive/2020/texmf-dist/fonts/type1/public/cm-super/sfrm1000.pfb></usr/local/texlive/2020/texmf-dist/fonts/type1/public/cm-super/sfrm1200.pfb></usr/local/texlive/2020/texmf-dist/fonts/type1/public/cm-super/sfrm1728.pfb></usr/local/texlive/2020/texmf-dist/fonts/type1/public/cm-super/sftt1000.pfb>
Output written on /Users/JohnnyLin/Library/CloudStorage/OneDrive-NationalUniversityofSingapore/Desktop/NUS/Y4S1DT/FYP-DT/FYP-report/FYP-report-draft1/FYP-report.pdf (25 pages, 909065 bytes).
PDF statistics:
 369 PDF objects out of 1000 (max. 8388607)
 284 compressed objects within 3 object streams
 135 named destinations out of 1000 (max. 500000)
 91 words of extra memory for PDF output out of 10000 (max. 10000000)

