\BOOKMARK [1][-]{section.1}{Overview}{}% 1
\BOOKMARK [1][-]{section.2}{Background, theory and motivation}{}% 2
\BOOKMARK [2][-]{subsection.2.1}{Hamiltonians of physical system}{section.2}% 3
\BOOKMARK [2][-]{subsection.2.2}{Quantum Optimal control}{section.2}% 4
\BOOKMARK [2][-]{subsection.2.3}{Figure of merit, cost function}{section.2}% 5
\BOOKMARK [2][-]{subsection.2.4}{Pulse constraints}{section.2}% 6
\BOOKMARK [3][-]{subsubsection.2.4.1}{limit the intermediate photon number}{subsection.2.4}% 7
\BOOKMARK [3][-]{subsubsection.2.4.2}{Troubleshooting optimization convergence}{subsection.2.4}% 8
\BOOKMARK [2][-]{subsection.2.5}{Pulse optimization algorithms}{section.2}% 9
\BOOKMARK [3][-]{subsubsection.2.5.1}{GRAPE: Gradient Ascent Pulse Engineering}{subsection.2.5}% 10
\BOOKMARK [3][-]{subsubsection.2.5.2}{CRAB: Chopped RAndom Basis}{subsection.2.5}% 11
\BOOKMARK [1][-]{section.3}{State preparation pulse optimization}{}% 12
\BOOKMARK [2][-]{subsection.3.1}{Starting with a simple diagnostic pulse, single qubit system}{section.3}% 13
\BOOKMARK [2][-]{subsection.3.2}{Diagnostic pulse: cavity vacuum to cat state}{section.3}% 14
\BOOKMARK [2][-]{subsection.3.3}{Diagnostic pulse: unselective spin flip, cavity coupled with single qubit\(effective\)}{section.3}% 15
\BOOKMARK [2][-]{subsection.3.4}{Diagnostic pulse: selective spin flip, cavity coupled with single qubit\(effective\)}{section.3}% 16
\BOOKMARK [2][-]{subsection.3.5}{vacuum to cat state, cavity coupled with single qubit\(effective\)}{section.3}% 17
\BOOKMARK [2][-]{subsection.3.6}{Further discussions reagarding numerical pulse optimzation}{section.3}% 18
\BOOKMARK [1][-]{section.4}{Physical realizability}{}% 19
\BOOKMARK [1][-]{section.5}{Future work}{}% 20
\BOOKMARK [1][-]{section.6}{Conclusion}{}% 21
